mode: set
_\D_\mydev\mytest04\basic\container\nonrepeat\nonrepeat.go:5.48,14.31 4 1
_\D_\mydev\mytest04\basic\container\nonrepeat\nonrepeat.go:27.2,27.18 1 1
_\D_\mydev\mytest04\basic\container\nonrepeat\nonrepeat.go:14.31,17.58 1 1
_\D_\mydev\mytest04\basic\container\nonrepeat\nonrepeat.go:21.3,21.31 1 1
_\D_\mydev\mytest04\basic\container\nonrepeat\nonrepeat.go:25.3,25.23 1 1
_\D_\mydev\mytest04\basic\container\nonrepeat\nonrepeat.go:17.58,19.4 1 1
_\D_\mydev\mytest04\basic\container\nonrepeat\nonrepeat.go:21.31,23.4 1 1
_\D_\mydev\mytest04\basic\container\nonrepeat\nonrepeat.go:30.13,40.2 8 0
